<?xml version="1.0" encoding="UTF-8"?>
<testsuite xmlns:xsi="http://www.w3.org/2001/XMLSchema-instance" xsi:noNamespaceSchemaLocation="https://maven.apache.org/surefire/maven-surefire-plugin/xsd/surefire-test-report.xsd" version="3.0.1" name="com.pug.in452.IN452_MovieLens.MovieLensDBMLTest" time="0.596" tests="4" errors="0" skipped="0" failures="0">
  <properties>
[...]
</properties>
  <testcase name="executeGeneratedTestCases" classname="com.pug.in452.IN452_MovieLens.MovieLensDBMLTest" time="0.221">
    <system-out><![CDATA[✓ Test setup complete (DB mocked)

╔══════════════════════════════════════════════════════╗
║      Executing All Generated Test Cases             ║
╚══════════════════════════════════════════════════════╝
Reading test cases from: generated_test_cases.csv
Note: Executing every other test case for efficiency


═══════════════════════════════════════
Test Case ID: 2
Predicted outcome: FAILURE
═══════════════════════════════════════

╔════════════════════════════════════════╗
║     Executing Test Case                ║
╚════════════════════════════════════════╝
Threads: 90
Operations per thread: 3
Timeout: 239 seconds
Expected success rate: 52.0%
----------------------------------------

╔════════════════════════════════════════╗
║     Test Results                       ║
╚════════════════════════════════════════╝
Completed: Yes ✓
Duration: 0.02 seconds
Total operations: 270
Successful operations: 270
Failed operations: 0
Actual success rate: 100.0%
Expected success rate: 52.0%

✓✓✓ TEST PASSED ✓✓✓
========================================


═══════════════════════════════════════
Test Case ID: 4
Predicted outcome: FAILURE
═══════════════════════════════════════

╔════════════════════════════════════════╗
║     Executing Test Case                ║
╚════════════════════════════════════════╝
Threads: 100
Operations per thread: 25
Timeout: 52 seconds
Expected success rate: 61.0%
----------------------------------------

╔════════════════════════════════════════╗
║     Test Results                       ║
╚════════════════════════════════════════╝
Completed: Yes ✓
Duration: 0.05 seconds
Total operations: 2500
Successful operations: 2500
Failed operations: 0
Actual success rate: 100.0%
Expected success rate: 61.0%

✓✓✓ TEST PASSED ✓✓✓
========================================


═══════════════════════════════════════
Test Case ID: 6
Predicted outcome: SUCCESS
═══════════════════════════════════════

╔════════════════════════════════════════╗
║     Executing Test Case                ║
╚════════════════════════════════════════╝
Threads: 83
Operations per thread: 2
Timeout: 284 seconds
Expected success rate: 98.0%
----------------------------------------

╔════════════════════════════════════════╗
║     Test Results                       ║
╚════════════════════════════════════════╝
Completed: Yes ✓
Duration: 0.01 seconds
Total operations: 166
Successful operations: 166
Failed operations: 0
Actual success rate: 100.0%
Expected success rate: 98.0%

✓✓✓ TEST PASSED ✓✓✓
========================================


═══════════════════════════════════════
Test Case ID: 8
Predicted outcome: FAILURE
═══════════════════════════════════════

╔════════════════════════════════════════╗
║     Executing Test Case                ║
╚════════════════════════════════════════╝
Threads: 89
Operations per thread: 22
Timeout: 34 seconds
Expected success rate: 57.0%
----------------------------------------

╔════════════════════════════════════════╗
║     Test Results                       ║
╚════════════════════════════════════════╝
Completed: Yes ✓
Duration: 0.02 seconds
Total operations: 1958
Successful operations: 1958
Failed operations: 0
Actual success rate: 100.0%
Expected success rate: 57.0%

✓✓✓ TEST PASSED ✓✓✓
========================================


═══════════════════════════════════════
Test Case ID: 10
Predicted outcome: PARTIAL_SUCCESS
═══════════════════════════════════════

╔════════════════════════════════════════╗
║     Executing Test Case                ║
╚════════════════════════════════════════╝
Threads: 94
Operations per thread: 25
Timeout: 232 seconds
Expected success rate: 74.0%
----------------------------------------

╔════════════════════════════════════════╗
║     Test Results                       ║
╚════════════════════════════════════════╝
Completed: Yes ✓
Duration: 0.04 seconds
Total operations: 2350
Successful operations: 2350
Failed operations: 0
Actual success rate: 100.0%
Expected success rate: 74.0%

✓✓✓ TEST PASSED ✓✓✓
========================================


╔══════════════════════════════════════════════════════╗
║              FINAL EXECUTION SUMMARY                 ║
╚══════════════════════════════════════════════════════╝
Total test cases executed: 5
Passed: 5
Failed: 0
Success rate: 100.0%

🎉 EXCELLENT! Database is performing well!
✓ Test cleanup complete
]]></system-out>
  </testcase>
  <testcase name="testWekaClustering" classname="com.pug.in452.IN452_MovieLens.MovieLensDBMLTest" time="0.235">
    <system-out><![CDATA[✓ Test setup complete (DB mocked)
╔══════════════════════════════════════════════════════╗
║         Clustering Test Scenarios (K-Means)          ║
╚══════════════════════════════════════════════════════╝
Loaded 24 instances for clustering
✓ Clustering complete!

=== Cluster Centers (Representative Test Cases) ===

--- Cluster 1 ---
  Threads: 20
  Operations per thread: 14
  Timeout: 177 seconds
  Expected success rate: 0.60

Executing test for Cluster 1:

╔════════════════════════════════════════╗
║     Executing Test Case                ║
╚════════════════════════════════════════╝
Threads: 20
Operations per thread: 14
Timeout: 177 seconds
Expected success rate: 60.0%
----------------------------------------

╔════════════════════════════════════════╗
║     Test Results                       ║
╚════════════════════════════════════════╝
Completed: Yes ✓
Duration: 0.01 seconds
Total operations: 280
Successful operations: 280
Failed operations: 0
Actual success rate: 100.0%
Expected success rate: 60.0%

✓✓✓ TEST PASSED ✓✓✓
========================================


--- Cluster 2 ---
  Threads: 72
  Operations per thread: 17
  Timeout: 233 seconds
  Expected success rate: 0.61

Executing test for Cluster 2:

╔════════════════════════════════════════╗
║     Executing Test Case                ║
╚════════════════════════════════════════╝
Threads: 72
Operations per thread: 17
Timeout: 233 seconds
Expected success rate: 61.4%
----------------------------------------

╔════════════════════════════════════════╗
║     Test Results                       ║
╚════════════════════════════════════════╝
Completed: Yes ✓
Duration: 0.02 seconds
Total operations: 1224
Successful operations: 1224
Failed operations: 0
Actual success rate: 100.0%
Expected success rate: 61.4%

✓✓✓ TEST PASSED ✓✓✓
========================================


--- Cluster 3 ---
  Threads: 63
  Operations per thread: 9
  Timeout: 127 seconds
  Expected success rate: 0.81

Executing test for Cluster 3:

╔════════════════════════════════════════╗
║     Executing Test Case                ║
╚════════════════════════════════════════╝
Threads: 63
Operations per thread: 9
Timeout: 127 seconds
Expected success rate: 81.2%
----------------------------------------

╔════════════════════════════════════════╗
║     Test Results                       ║
╚════════════════════════════════════════╝
Completed: Yes ✓
Duration: 0.02 seconds
Total operations: 567
Successful operations: 567
Failed operations: 0
Actual success rate: 100.0%
Expected success rate: 81.2%

✓✓✓ TEST PASSED ✓✓✓
========================================

✓ Test cleanup complete
]]></system-out>
  </testcase>
  <testcase name="explainWekaMLConcepts" classname="com.pug.in452.IN452_MovieLens.MovieLensDBMLTest" time="0.094">
    <system-out><![CDATA[✓ Test setup complete (DB mocked)

╔══════════════════════════════════════════════════════╗
║     Machine Learning for Testing - Explained        ║
╚══════════════════════════════════════════════════════╝

=== What is a Decision Tree? ===
A decision tree is like a flowchart that helps make decisions.
It learns patterns from past test results.

Example Decision Tree:
┌─────────────────────────────────┐
│ Is thread_count > 50?           │
└────────┬────────────────┬───────┘
        YES              NO
         │               │
         ▼               ▼
  ┌─────────────┐  ┌──────────┐
  │ ops > 20?   │  │ SUCCESS  │
  └──┬──────┬───┘  └──────────┘
    YES    NO
     │      │
     ▼      ▼
  FAILURE  PARTIAL

=== How Does This Help Testing? ===
1. We give the AI examples of past tests (training data)
2. The AI learns patterns (which parameters lead to success/failure)
3. The AI generates new test cases based on what it learned
4. We run those tests to verify the database works correctly

=== Now Let's See the Actual Tree ===

=== Creating Training Dataset ===
Adding hardcoded training examples...
Generating 20 random training examples...
✓ Training dataset created with 24 instances
✓ Saved to: ml_test_data.arff

=== Training Decision Tree Model ===
Loaded 24 training instances
Building classifier...
✓ Decision tree model trained!

Evaluating model with 10-fold cross-validation...

=== Model Evaluation Summary ===

Correctly Classified Instances          22               91.6667 %
Incorrectly Classified Instances         2                8.3333 %
Kappa statistic                          0.8678
Mean absolute error                      0.0556
Root mean squared error                  0.2357
Relative absolute error                 13.1579 %
Root relative squared error             51.1483 %
Total Number of Instances               24     


=== Detailed Accuracy By Class ===
=== Detailed Accuracy By Class ===

                 TP Rate  FP Rate  Precision  Recall   F-Measure  MCC      ROC Area  PRC Area  Class
                 1.000    0.050    0.800      1.000    0.889      0.872    0.975     0.800     SUCCESS
                 0.909    0.077    0.909      0.909    0.909      0.832    0.916     0.868     PARTIAL_SUCCESS
                 0.889    0.000    1.000      0.889    0.941      0.913    0.944     0.931     FAILURE
Weighted Avg.    0.917    0.044    0.925      0.917    0.918      0.869    0.937     0.880     


=== Confusion Matrix ===
=== Confusion Matrix ===

  a  b  c   <-- classified as
  4  0  0 |  a = SUCCESS
  1 10  0 |  b = PARTIAL_SUCCESS
  0  1  8 |  c = FAILURE


=== Decision Tree Structure ===
J48 pruned tree
------------------

expected_success_rate <= 0.625331: FAILURE (9.0)
expected_success_rate > 0.625331
|   expected_success_rate <= 0.832774: PARTIAL_SUCCESS (11.0)
|   expected_success_rate > 0.832774: SUCCESS (4.0)

Number of Leaves  : 	3

Size of the tree : 	5


✓ This tree was learned from the training data and assertions passed.
✓ Test cleanup complete
]]></system-out>
  </testcase>
  <testcase name="testWekaBasedTestGeneration" classname="com.pug.in452.IN452_MovieLens.MovieLensDBMLTest" time="0.04">
    <system-out><![CDATA[✓ Test setup complete (DB mocked)


╔══════════════════════════════════════════════════════╗
║  ML-Based Test Generation Workflow for MovieLensDB  ║
╚══════════════════════════════════════════════════════╝

[STEP 1/4] Creating training dataset...

=== Creating Training Dataset ===
Adding hardcoded training examples...
Generating 20 random training examples...
✓ Training dataset created with 24 instances
✓ Saved to: ml_test_data.arff

[STEP 2/4] Training decision tree model...

=== Training Decision Tree Model ===
Loaded 24 training instances
Building classifier...
✓ Decision tree model trained!

Evaluating model with 10-fold cross-validation...

=== Model Evaluation Summary ===

Correctly Classified Instances          22               91.6667 %
Incorrectly Classified Instances         2                8.3333 %
Kappa statistic                          0.8678
Mean absolute error                      0.0556
Root mean squared error                  0.2357
Relative absolute error                 13.1579 %
Root relative squared error             51.1483 %
Total Number of Instances               24     


=== Detailed Accuracy By Class ===
=== Detailed Accuracy By Class ===

                 TP Rate  FP Rate  Precision  Recall   F-Measure  MCC      ROC Area  PRC Area  Class
                 1.000    0.050    0.800      1.000    0.889      0.872    0.975     0.800     SUCCESS
                 0.909    0.077    0.909      0.909    0.909      0.832    0.916     0.868     PARTIAL_SUCCESS
                 0.889    0.000    1.000      0.889    0.941      0.913    0.944     0.931     FAILURE
Weighted Avg.    0.917    0.044    0.925      0.917    0.918      0.869    0.937     0.880     


=== Confusion Matrix ===
=== Confusion Matrix ===

  a  b  c   <-- classified as
  4  0  0 |  a = SUCCESS
  1 10  0 |  b = PARTIAL_SUCCESS
  0  1  8 |  c = FAILURE


=== Decision Tree Structure ===
J48 pruned tree
------------------

expected_success_rate <= 0.625331: FAILURE (9.0)
expected_success_rate > 0.625331
|   expected_success_rate <= 0.832774: PARTIAL_SUCCESS (11.0)
|   expected_success_rate > 0.832774: SUCCESS (4.0)

Number of Leaves  : 	3

Size of the tree : 	5


[STEP 3/4] Generating test cases using trained model...

=== Generating Test Cases ===
Generating 10 test cases...
✓ Generated 10 test cases
  - Predicted SUCCESS: 4
  - Predicted PARTIAL_SUCCESS: 2
  - Predicted FAILURE: 4
✓ Saved to: generated_test_cases.csv

[STEP 4/4] Executing sample test cases...

>>> Test 1: Low Load Scenario

╔════════════════════════════════════════╗
║     Executing Test Case                ║
╚════════════════════════════════════════╝
Threads: 5
Operations per thread: 3
Timeout: 60 seconds
Expected success rate: 90.0%
----------------------------------------

╔════════════════════════════════════════╗
║     Test Results                       ║
╚════════════════════════════════════════╝
Completed: Yes ✓
Duration: 0.00 seconds
Total operations: 15
Successful operations: 15
Failed operations: 0
Actual success rate: 100.0%
Expected success rate: 90.0%

✓✓✓ TEST PASSED ✓✓✓
========================================


>>> Test 2: Medium Load Scenario

╔════════════════════════════════════════╗
║     Executing Test Case                ║
╚════════════════════════════════════════╝
Threads: 10
Operations per thread: 5
Timeout: 90 seconds
Expected success rate: 85.0%
----------------------------------------

╔════════════════════════════════════════╗
║     Test Results                       ║
╚════════════════════════════════════════╝
Completed: Yes ✓
Duration: 0.00 seconds
Total operations: 50
Successful operations: 50
Failed operations: 0
Actual success rate: 100.0%
Expected success rate: 85.0%

✓✓✓ TEST PASSED ✓✓✓
========================================


>>> Test 3: High Load Scenario

╔════════════════════════════════════════╗
║     Executing Test Case                ║
╚════════════════════════════════════════╝
Threads: 30
Operations per thread: 10
Timeout: 120 seconds
Expected success rate: 70.0%
----------------------------------------

╔════════════════════════════════════════╗
║     Test Results                       ║
╚════════════════════════════════════════╝
Completed: Yes ✓
Duration: 0.00 seconds
Total operations: 300
Successful operations: 300
Failed operations: 0
Actual success rate: 100.0%
Expected success rate: 70.0%

✓✓✓ TEST PASSED ✓✓✓
========================================


╔══════════════════════════════════════════════════════╗
║                   FINAL SUMMARY                      ║
╚══════════════════════════════════════════════════════╝
Tests passed: 3/3
Success rate: 100.0%

🎉 ALL TESTS PASSED! 🎉
✓ Test cleanup complete
]]></system-out>
  </testcase>
</testsuite>